[debug] [2023-08-05T20:39:42.308Z] ----------------------------------------------------------------------
[debug] [2023-08-05T20:39:42.309Z] Command:       C:\Program Files\nodejs\node.exe C:\Users\lohiy\AppData\Roaming\npm\node_modules\firebase-tools\lib\bin\firebase.js deploy
[debug] [2023-08-05T20:39:42.309Z] CLI Version:   12.4.7
[debug] [2023-08-05T20:39:42.310Z] Platform:      win32
[debug] [2023-08-05T20:39:42.310Z] Node Version:  v16.14.0
[debug] [2023-08-05T20:39:42.310Z] Time:          Sun Aug 06 2023 02:09:42 GMT+0530 (India Standard Time)
[debug] [2023-08-05T20:39:42.311Z] ----------------------------------------------------------------------
[debug] 
[debug] [2023-08-05T20:39:42.364Z] > command requires scopes: ["email","openid","https://www.googleapis.com/auth/cloudplatformprojects.readonly","https://www.googleapis.com/auth/firebase","https://www.googleapis.com/auth/cloud-platform"]
[debug] [2023-08-05T20:39:42.365Z] > authorizing via signed-in user (lohiyasatyam@gmail.com)
[debug] [2023-08-05T20:39:42.365Z] [iam] checking project himanshu-agarwal-3da46 for permissions ["firebase.projects.get","firebasehosting.sites.update"]
[debug] [2023-08-05T20:39:42.366Z] >>> [apiv2][query] POST https://cloudresourcemanager.googleapis.com/v1/projects/himanshu-agarwal-3da46:testIamPermissions [none]
[debug] [2023-08-05T20:39:42.367Z] >>> [apiv2][(partial)header] POST https://cloudresourcemanager.googleapis.com/v1/projects/himanshu-agarwal-3da46:testIamPermissions x-goog-quota-user=projects/himanshu-agarwal-3da46
[debug] [2023-08-05T20:39:42.367Z] >>> [apiv2][body] POST https://cloudresourcemanager.googleapis.com/v1/projects/himanshu-agarwal-3da46:testIamPermissions {"permissions":["firebase.projects.get","firebasehosting.sites.update"]}
[debug] [2023-08-05T20:39:46.521Z] <<< [apiv2][status] POST https://cloudresourcemanager.googleapis.com/v1/projects/himanshu-agarwal-3da46:testIamPermissions 200
[debug] [2023-08-05T20:39:46.521Z] <<< [apiv2][body] POST https://cloudresourcemanager.googleapis.com/v1/projects/himanshu-agarwal-3da46:testIamPermissions {"permissions":["firebase.projects.get","firebasehosting.sites.update"]}
[debug] [2023-08-05T20:39:46.522Z] >>> [apiv2][query] GET https://firebase.googleapis.com/v1beta1/projects/himanshu-agarwal-3da46 [none]
[debug] [2023-08-05T20:39:48.441Z] <<< [apiv2][status] GET https://firebase.googleapis.com/v1beta1/projects/himanshu-agarwal-3da46 200
[debug] [2023-08-05T20:39:48.441Z] <<< [apiv2][body] GET https://firebase.googleapis.com/v1beta1/projects/himanshu-agarwal-3da46 {"projectId":"himanshu-agarwal-3da46","projectNumber":"4383339866","displayName":"Himanshu Agarwal","name":"projects/himanshu-agarwal-3da46","resources":{"hostingSite":"himanshu-agarwal-3da46"},"state":"ACTIVE","etag":"1_d9bc9016-105f-4bd0-8ab3-202269734424"}
[info] 
[info] === Deploying to 'himanshu-agarwal-3da46'...
[info] 
[info] i  deploying hosting 
[debug] [2023-08-05T20:39:48.447Z] >>> [apiv2][query] POST https://firebasehosting.googleapis.com/v1beta1/projects/-/sites/himanshu-agarwal-3da46/versions [none]
[debug] [2023-08-05T20:39:48.448Z] >>> [apiv2][body] POST https://firebasehosting.googleapis.com/v1beta1/projects/-/sites/himanshu-agarwal-3da46/versions {"status":"CREATED","labels":{"deployment-tool":"cli-firebase"}}
[debug] [2023-08-05T20:39:51.023Z] <<< [apiv2][status] POST https://firebasehosting.googleapis.com/v1beta1/projects/-/sites/himanshu-agarwal-3da46/versions 200
[debug] [2023-08-05T20:39:51.023Z] <<< [apiv2][body] POST https://firebasehosting.googleapis.com/v1beta1/projects/-/sites/himanshu-agarwal-3da46/versions {"name":"projects/4383339866/sites/himanshu-agarwal-3da46/versions/19f0e82bd4e587da","status":"CREATED","config":{},"labels":{"deployment-tool":"cli-firebase"}}
[info] i  hosting[himanshu-agarwal-3da46]: beginning deploy... 
[info] i  hosting[himanshu-agarwal-3da46]: found 13 files in build 
[debug] [2023-08-05T20:39:51.033Z] [hosting] uploading with 200 concurrency
[debug] [2023-08-05T20:39:51.593Z] [hosting] hash cache [YnVpbGQ] stored for 13 files
[debug] [2023-08-05T20:39:51.593Z] [hosting][hash queue][FINAL] {"max":553,"min":1,"avg":49.76923076923077,"active":0,"complete":13,"success":13,"errored":0,"retried":0,"total":13,"elapsed":558}
[debug] [2023-08-05T20:39:51.594Z] >>> [apiv2][query] POST https://firebasehosting.googleapis.com/v1beta1/projects/4383339866/sites/himanshu-agarwal-3da46/versions/19f0e82bd4e587da:populateFiles [none]
[debug] [2023-08-05T20:39:51.594Z] >>> [apiv2][body] POST https://firebasehosting.googleapis.com/v1beta1/projects/4383339866/sites/himanshu-agarwal-3da46/versions/19f0e82bd4e587da:populateFiles {"files":{"/favicon.ico":"b312eefadd707498813eac42678d4d4b7810e0173d04859d8a337dc81116c112","/logo192.png":"3ee59515172ee198f3be375979df15ac5345183e656720a381b8872b2a39dc8b","/logo512.png":"ee7e2f3fdb8209c4b6fd7bef6ba50d1b9dba30a25bb5c3126df057e1cb6f5331","/manifest.json":"5c997de1364b8be939319fa9209abd77f2caf7f8844999a9e2e9173f844e7840","/robots.txt":"b2090cf9761ef60aa06e4fab97679bd43dfa5e5df073701ead5879d7c68f1ec5","/asset-manifest.json":"35f8a3902b3ec79a714f8f1fa6252964c8632127bf89acac4b1e2d4499ed78bf","/index.html":"be7a29bd2dd5e2c58d069ede6bb5f740ecbb33104279ec5a6a7218559da14f80","/static/js/main.5e942bae.js.LICENSE.txt":"58e1e638399dc1a7a45c371abaca9898b972a2af085f6f686d20e87eee7cdf49","/static/css/main.1e68cdda.css":"b8540471f4cb013d74e154e66005c4aabcf19a97c5c96c97622f23c18948481b","/static/css/main.1e68cdda.css.map":"e81fb75170b1ea1d3a59e94b8758378e8700dde93b8a76f740e8285d08fbcc28","/static/media/logo.f3dda1f7d73dccb5134b.png":"606112ff6ff3a476e7c98b6c3832af66f591b6b0be4938c219aeeb488b8b245c","/static/js/main.5e942bae.js":"539b441d6c6949cf888f218ba6e16be735402093f4c65e3d6edd10e79117f0eb","/static/js/main.5e942bae.js.map":"35f6f856aa3e5b3d9e2462a1770c4de1b69584d1dac23216594f4e437630434c"}}
[debug] [2023-08-05T20:39:53.152Z] <<< [apiv2][status] POST https://firebasehosting.googleapis.com/v1beta1/projects/4383339866/sites/himanshu-agarwal-3da46/versions/19f0e82bd4e587da:populateFiles 200
[debug] [2023-08-05T20:39:53.152Z] <<< [apiv2][body] POST https://firebasehosting.googleapis.com/v1beta1/projects/4383339866/sites/himanshu-agarwal-3da46/versions/19f0e82bd4e587da:populateFiles {"uploadRequiredHashes":["35f6f856aa3e5b3d9e2462a1770c4de1b69584d1dac23216594f4e437630434c","539b441d6c6949cf888f218ba6e16be735402093f4c65e3d6edd10e79117f0eb","b8540471f4cb013d74e154e66005c4aabcf19a97c5c96c97622f23c18948481b","e81fb75170b1ea1d3a59e94b8758378e8700dde93b8a76f740e8285d08fbcc28","35f8a3902b3ec79a714f8f1fa6252964c8632127bf89acac4b1e2d4499ed78bf","be7a29bd2dd5e2c58d069ede6bb5f740ecbb33104279ec5a6a7218559da14f80"],"uploadUrl":"https://upload-firebasehosting.googleapis.com/upload/sites/himanshu-agarwal-3da46/versions/19f0e82bd4e587da/files"}
[debug] [2023-08-05T20:39:53.154Z] >>> [apiv2][query] POST https://upload-firebasehosting.googleapis.com/upload/sites/himanshu-agarwal-3da46/versions/19f0e82bd4e587da/files/35f6f856aa3e5b3d9e2462a1770c4de1b69584d1dac23216594f4e437630434c [none]
[debug] [2023-08-05T20:39:53.154Z] >>> [apiv2][body] POST https://upload-firebasehosting.googleapis.com/upload/sites/himanshu-agarwal-3da46/versions/19f0e82bd4e587da/files/35f6f856aa3e5b3d9e2462a1770c4de1b69584d1dac23216594f4e437630434c [stream]
[debug] [2023-08-05T20:39:53.155Z] >>> [apiv2][query] POST https://upload-firebasehosting.googleapis.com/upload/sites/himanshu-agarwal-3da46/versions/19f0e82bd4e587da/files/539b441d6c6949cf888f218ba6e16be735402093f4c65e3d6edd10e79117f0eb [none]
[debug] [2023-08-05T20:39:53.155Z] >>> [apiv2][body] POST https://upload-firebasehosting.googleapis.com/upload/sites/himanshu-agarwal-3da46/versions/19f0e82bd4e587da/files/539b441d6c6949cf888f218ba6e16be735402093f4c65e3d6edd10e79117f0eb [stream]
[debug] [2023-08-05T20:39:53.156Z] >>> [apiv2][query] POST https://upload-firebasehosting.googleapis.com/upload/sites/himanshu-agarwal-3da46/versions/19f0e82bd4e587da/files/b8540471f4cb013d74e154e66005c4aabcf19a97c5c96c97622f23c18948481b [none]
[debug] [2023-08-05T20:39:53.156Z] >>> [apiv2][body] POST https://upload-firebasehosting.googleapis.com/upload/sites/himanshu-agarwal-3da46/versions/19f0e82bd4e587da/files/b8540471f4cb013d74e154e66005c4aabcf19a97c5c96c97622f23c18948481b [stream]
[debug] [2023-08-05T20:39:53.157Z] >>> [apiv2][query] POST https://upload-firebasehosting.googleapis.com/upload/sites/himanshu-agarwal-3da46/versions/19f0e82bd4e587da/files/e81fb75170b1ea1d3a59e94b8758378e8700dde93b8a76f740e8285d08fbcc28 [none]
[debug] [2023-08-05T20:39:53.157Z] >>> [apiv2][body] POST https://upload-firebasehosting.googleapis.com/upload/sites/himanshu-agarwal-3da46/versions/19f0e82bd4e587da/files/e81fb75170b1ea1d3a59e94b8758378e8700dde93b8a76f740e8285d08fbcc28 [stream]
[debug] [2023-08-05T20:39:53.157Z] >>> [apiv2][query] POST https://upload-firebasehosting.googleapis.com/upload/sites/himanshu-agarwal-3da46/versions/19f0e82bd4e587da/files/35f8a3902b3ec79a714f8f1fa6252964c8632127bf89acac4b1e2d4499ed78bf [none]
[debug] [2023-08-05T20:39:53.158Z] >>> [apiv2][body] POST https://upload-firebasehosting.googleapis.com/upload/sites/himanshu-agarwal-3da46/versions/19f0e82bd4e587da/files/35f8a3902b3ec79a714f8f1fa6252964c8632127bf89acac4b1e2d4499ed78bf [stream]
[debug] [2023-08-05T20:39:53.159Z] >>> [apiv2][query] POST https://upload-firebasehosting.googleapis.com/upload/sites/himanshu-agarwal-3da46/versions/19f0e82bd4e587da/files/be7a29bd2dd5e2c58d069ede6bb5f740ecbb33104279ec5a6a7218559da14f80 [none]
[debug] [2023-08-05T20:39:53.159Z] >>> [apiv2][body] POST https://upload-firebasehosting.googleapis.com/upload/sites/himanshu-agarwal-3da46/versions/19f0e82bd4e587da/files/be7a29bd2dd5e2c58d069ede6bb5f740ecbb33104279ec5a6a7218559da14f80 [stream]
[debug] [2023-08-05T20:39:53.160Z] [hosting][populate queue][FINAL] {"max":1563,"min":1563,"avg":1563,"active":0,"complete":1,"success":1,"errored":0,"retried":0,"total":1,"elapsed":1569}
[debug] [2023-08-05T20:39:53.160Z] [hosting] uploads queued: 6
[debug] [2023-08-05T20:39:59.188Z] <<< [apiv2][status] POST https://upload-firebasehosting.googleapis.com/upload/sites/himanshu-agarwal-3da46/versions/19f0e82bd4e587da/files/e81fb75170b1ea1d3a59e94b8758378e8700dde93b8a76f740e8285d08fbcc28 200
[debug] [2023-08-05T20:39:59.188Z] <<< [apiv2][body] POST https://upload-firebasehosting.googleapis.com/upload/sites/himanshu-agarwal-3da46/versions/19f0e82bd4e587da/files/e81fb75170b1ea1d3a59e94b8758378e8700dde93b8a76f740e8285d08fbcc28 [stream]
[debug] [2023-08-05T20:39:59.862Z] <<< [apiv2][status] POST https://upload-firebasehosting.googleapis.com/upload/sites/himanshu-agarwal-3da46/versions/19f0e82bd4e587da/files/be7a29bd2dd5e2c58d069ede6bb5f740ecbb33104279ec5a6a7218559da14f80 200
[debug] [2023-08-05T20:39:59.863Z] <<< [apiv2][body] POST https://upload-firebasehosting.googleapis.com/upload/sites/himanshu-agarwal-3da46/versions/19f0e82bd4e587da/files/be7a29bd2dd5e2c58d069ede6bb5f740ecbb33104279ec5a6a7218559da14f80 [stream]
[debug] [2023-08-05T20:40:00.878Z] <<< [apiv2][status] POST https://upload-firebasehosting.googleapis.com/upload/sites/himanshu-agarwal-3da46/versions/19f0e82bd4e587da/files/35f8a3902b3ec79a714f8f1fa6252964c8632127bf89acac4b1e2d4499ed78bf 200
[debug] [2023-08-05T20:40:00.878Z] <<< [apiv2][body] POST https://upload-firebasehosting.googleapis.com/upload/sites/himanshu-agarwal-3da46/versions/19f0e82bd4e587da/files/35f8a3902b3ec79a714f8f1fa6252964c8632127bf89acac4b1e2d4499ed78bf [stream]
[debug] [2023-08-05T20:40:01.044Z] <<< [apiv2][status] POST https://upload-firebasehosting.googleapis.com/upload/sites/himanshu-agarwal-3da46/versions/19f0e82bd4e587da/files/b8540471f4cb013d74e154e66005c4aabcf19a97c5c96c97622f23c18948481b 200
[debug] [2023-08-05T20:40:01.044Z] <<< [apiv2][body] POST https://upload-firebasehosting.googleapis.com/upload/sites/himanshu-agarwal-3da46/versions/19f0e82bd4e587da/files/b8540471f4cb013d74e154e66005c4aabcf19a97c5c96c97622f23c18948481b [stream]
[debug] [2023-08-05T20:40:23.578Z] [uploadQueue] Retrying task 539b441d6c6949cf888f218ba6e16be735402093f4c65e3d6edd10e79117f0eb
[debug] [2023-08-05T20:40:23.578Z] >>> [apiv2][query] POST https://upload-firebasehosting.googleapis.com/upload/sites/himanshu-agarwal-3da46/versions/19f0e82bd4e587da/files/539b441d6c6949cf888f218ba6e16be735402093f4c65e3d6edd10e79117f0eb [none]
[debug] [2023-08-05T20:40:23.579Z] >>> [apiv2][body] POST https://upload-firebasehosting.googleapis.com/upload/sites/himanshu-agarwal-3da46/versions/19f0e82bd4e587da/files/539b441d6c6949cf888f218ba6e16be735402093f4c65e3d6edd10e79117f0eb [stream]
